# JRE version: OpenJDK Runtime Environment (8.0_242-b08) (build 1.8.0_242-8u242-b08-1~deb9u1-b08)
# Java VM: OpenJDK 64-Bit Server VM (25.242-b08 mixed mode linux-amd64 compressed oops)
Heap:
 def new generation   total 2516544K, used 190222K [0x00000005c0000000, 0x000000066aaa0000, 0x000000066aaa0000)
  eden space 2236928K,   7% used [0x00000005c0000000, 0x00000005cad49d10, 0x0000000648880000)
  from space 279616K,   4% used [0x0000000659990000, 0x000000065a609c88, 0x000000066aaa0000)
  to   space 279616K,   0% used [0x0000000648880000, 0x0000000648880000, 0x0000000659990000)
 tenured generation   total 5592448K, used 4775186K [0x000000066aaa0000, 0x00000007c0000000, 0x00000007c0000000)
   the space 5592448K,  85% used [0x000000066aaa0000, 0x000000078e1e4af8, 0x000000078e1e4c00, 0x00000007c0000000)
 Metaspace       used 135961K, capacity 152147K, committed 152448K, reserved 1181696K
  class space    used 17283K, capacity 20810K, committed 20864K, reserved 1048576K
GC Heap History (10 events):
Event: 28835.607 GC heap before
{Heap before GC invocations=1440 (full 4):
 def new generation   total 2516544K, used 2293691K [0x00000005c0000000, 0x000000066aaa0000, 0x000000066aaa0000)
  eden space 2236928K, 100% used [0x00000005c0000000, 0x0000000648880000, 0x0000000648880000)
  from space 279616K,  20% used [0x0000000648880000, 0x000000064bfeee40, 0x0000000659990000)
  to   space 279616K,   0% used [0x0000000659990000, 0x0000000659990000, 0x000000066aaa0000)
 tenured generation   total 5592448K, used 4731294K [0x000000066aaa0000, 0x00000007c0000000, 0x00000007c0000000)
   the space 5592448K,  84% used [0x000000066aaa0000, 0x000000078b707880, 0x000000078b707a00, 0x00000007c0000000)
 Metaspace       used 135956K, capacity 152147K, committed 152448K, reserved 1181696K
  class space    used 17283K, capacity 20810K, committed 20864K, reserved 1048576K
Event: 28835.662 GC heap after
Heap after GC invocations=1441 (full 4):
 def new generation   total 2516544K, used 56666K [0x00000005c0000000, 0x000000066aaa0000, 0x000000066aaa0000)
  eden space 2236928K,   0% used [0x00000005c0000000, 0x00000005c0000000, 0x0000000648880000)
  from space 279616K,  20% used [0x0000000659990000, 0x000000065d0e69a0, 0x000000066aaa0000)
  to   space 279616K,   0% used [0x0000000648880000, 0x0000000648880000, 0x0000000659990000)
 tenured generation   total 5592448K, used 4731302K [0x000000066aaa0000, 0x00000007c0000000, 0x00000007c0000000)
   the space 5592448K,  84% used [0x000000066aaa0000, 0x000000078b709a48, 0x000000078b709c00, 0x00000007c0000000)
 Metaspace       used 135956K, capacity 152147K, committed 152448K, reserved 1181696K
  class space    used 17283K, capacity 20810K, committed 20864K, reserved 1048576K
}
Event: 28851.414 GC heap before
{Heap before GC invocations=1441 (full 4):
 def new generation   total 2516544K, used 2293594K [0x00000005c0000000, 0x000000066aaa0000, 0x000000066aaa0000)
  eden space 2236928K, 100% used [0x00000005c0000000, 0x0000000648880000, 0x0000000648880000)
  from space 279616K,  20% used [0x0000000659990000, 0x000000065d0e69a0, 0x000000066aaa0000)
  to   space 279616K,   0% used [0x0000000648880000, 0x0000000648880000, 0x0000000659990000)
 tenured generation   total 5592448K, used 4731302K [0x000000066aaa0000, 0x00000007c0000000, 0x00000007c0000000)
   the space 5592448K,  84% used [0x000000066aaa0000, 0x000000078b709a48, 0x000000078b709c00, 0x00000007c0000000)
 Metaspace       used 135956K, capacity 152147K, committed 152448K, reserved 1181696K
  class space    used 17283K, capacity 20810K, committed 20864K, reserved 1048576K
Event: 28851.472 GC heap after
Heap after GC invocations=1442 (full 4):
 def new generation   total 2516544K, used 56700K [0x00000005c0000000, 0x000000066aaa0000, 0x000000066aaa0000)
  eden space 2236928K,   0% used [0x00000005c0000000, 0x00000005c0000000, 0x0000000648880000)
  from space 279616K,  20% used [0x0000000648880000, 0x000000064bfdf258, 0x0000000659990000)
  to   space 279616K,   0% used [0x0000000659990000, 0x0000000659990000, 0x000000066aaa0000)
 tenured generation   total 5592448K, used 4731333K [0x000000066aaa0000, 0x00000007c0000000, 0x00000007c0000000)
   the space 5592448K,  84% used [0x000000066aaa0000, 0x000000078b7117c0, 0x000000078b711800, 0x00000007c0000000)
 Metaspace       used 135956K, capacity 152147K, committed 152448K, reserved 1181696K
  class space    used 17283K, capacity 20810K, committed 20864K, reserved 1048576K
}
Event: 28867.792 GC heap before
{Heap before GC invocations=1442 (full 4):
 def new generation   total 2516544K, used 2293628K [0x00000005c0000000, 0x000000066aaa0000, 0x000000066aaa0000)
  eden space 2236928K, 100% used [0x00000005c0000000, 0x0000000648880000, 0x0000000648880000)
  from space 279616K,  20% used [0x0000000648880000, 0x000000064bfdf258, 0x0000000659990000)
  to   space 279616K,   0% used [0x0000000659990000, 0x0000000659990000, 0x000000066aaa0000)
 tenured generation   total 5592448K, used 4731333K [0x000000066aaa0000, 0x00000007c0000000, 0x00000007c0000000)
   the space 5592448K,  84% used [0x000000066aaa0000, 0x000000078b7117c0, 0x000000078b711800, 0x00000007c0000000)
 Metaspace       used 135956K, capacity 152147K, committed 152448K, reserved 1181696K
  class space    used 17283K, capacity 20810K, committed 20864K, reserved 1048576K
Event: 28867.850 GC heap after
Heap after GC invocations=1443 (full 4):
 def new generation   total 2516544K, used 56727K [0x00000005c0000000, 0x000000066aaa0000, 0x000000066aaa0000)
  eden space 2236928K,   0% used [0x00000005c0000000, 0x00000005c0000000, 0x0000000648880000)
  from space 279616K,  20% used [0x0000000659990000, 0x000000065d0f5d40, 0x000000066aaa0000)
  to   space 279616K,   0% used [0x0000000648880000, 0x0000000648880000, 0x0000000659990000)
 tenured generation   total 5592448K, used 4731356K [0x000000066aaa0000, 0x00000007c0000000, 0x00000007c0000000)
   the space 5592448K,  84% used [0x000000066aaa0000, 0x000000078b717220, 0x000000078b717400, 0x00000007c0000000)
 Metaspace       used 135956K, capacity 152147K, committed 152448K, reserved 1181696K
  class space    used 17283K, capacity 20810K, committed 20864K, reserved 1048576K
}
Event: 28884.646 GC heap before
{Heap before GC invocations=1443 (full 4):
 def new generation   total 2516544K, used 2293655K [0x00000005c0000000, 0x000000066aaa0000, 0x000000066aaa0000)
  eden space 2236928K, 100% used [0x00000005c0000000, 0x0000000648880000, 0x0000000648880000)
  from space 279616K,  20% used [0x0000000659990000, 0x000000065d0f5d40, 0x000000066aaa0000)
  to   space 279616K,   0% used [0x0000000648880000, 0x0000000648880000, 0x0000000659990000)
 tenured generation   total 5592448K, used 4731356K [0x000000066aaa0000, 0x00000007c0000000, 0x00000007c0000000)
   the space 5592448K,  84% used [0x000000066aaa0000, 0x000000078b717220, 0x000000078b717400, 0x00000007c0000000)
 Metaspace       used 135956K, capacity 152147K, committed 152448K, reserved 1181696K
  class space    used 17283K, capacity 20810K, committed 20864K, reserved 1048576K
Event: 28884.703 GC heap after
Heap after GC invocations=1444 (full 4):
 def new generation   total 2516544K, used 52234K [0x00000005c0000000, 0x000000066aaa0000, 0x000000066aaa0000)
  eden space 2236928K,   0% used [0x00000005c0000000, 0x00000005c0000000, 0x0000000648880000)
  from space 279616K,  18% used [0x0000000648880000, 0x000000064bb82878, 0x0000000659990000)
  to   space 279616K,   0% used [0x0000000659990000, 0x0000000659990000, 0x000000066aaa0000)
 tenured generation   total 5592448K, used 4735711K [0x000000066aaa0000, 0x00000007c0000000, 0x00000007c0000000)
   the space 5592448K,  84% used [0x000000066aaa0000, 0x000000078bb57ce8, 0x000000078bb57e00, 0x00000007c0000000)
 Metaspace       used 135956K, capacity 152147K, committed 152448K, reserved 1181696K
  class space    used 17283K, capacity 20810K, committed 20864K, reserved 1048576K
}
Event: 28901.457 GC heap before
{Heap before GC invocations=1444 (full 4):
 def new generation   total 2516544K, used 2289162K [0x00000005c0000000, 0x000000066aaa0000, 0x000000066aaa0000)
  eden space 2236928K, 100% used [0x00000005c0000000, 0x0000000648880000, 0x0000000648880000)
  from space 279616K,  18% used [0x0000000648880000, 0x000000064bb82878, 0x0000000659990000)
  to   space 279616K,   0% used [0x0000000659990000, 0x0000000659990000, 0x000000066aaa0000)
 tenured generation   total 5592448K, used 4735711K [0x000000066aaa0000, 0x00000007c0000000, 0x00000007c0000000)
   the space 5592448K,  84% used [0x000000066aaa0000, 0x000000078bb57ce8, 0x000000078bb57e00, 0x00000007c0000000)
 Metaspace       used 135961K, capacity 152147K, committed 152448K, reserved 1181696K
  class space    used 17283K, capacity 20810K, committed 20864K, reserved 1048576K
Event: 28901.684 GC heap after
Heap after GC invocations=1445 (full 4):
 def new generation   total 2516544K, used 12775K [0x00000005c0000000, 0x000000066aaa0000, 0x000000066aaa0000)
  eden space 2236928K,   0% used [0x00000005c0000000, 0x00000005c0000000, 0x0000000648880000)
  from space 279616K,   4% used [0x0000000659990000, 0x000000065a609c88, 0x000000066aaa0000)
  to   space 279616K,   0% used [0x0000000648880000, 0x0000000648880000, 0x0000000659990000)
 tenured generation   total 5592448K, used 4775186K [0x000000066aaa0000, 0x00000007c0000000, 0x00000007c0000000)
   the space 5592448K,  85% used [0x000000066aaa0000, 0x000000078e1e4af8, 0x000000078e1e4c00, 0x00000007c0000000)
 Metaspace       used 135961K, capacity 152147K, committed 152448K, reserved 1181696K
  class space    used 17283K, capacity 20810K, committed 20864K, reserved 1048576K
}

