# JRE version: OpenJDK Runtime Environment (8.0_242-b08) (build 1.8.0_242-8u242-b08-1~deb9u1-b08)
# Java VM: OpenJDK 64-Bit Server VM (25.242-b08 mixed mode linux-amd64 compressed oops)
Heap:
 def new generation   total 2516544K, used 558034K [0x00000005c0000000, 0x000000066aaa0000, 0x000000066aaa0000)
  eden space 2236928K,  24% used [0x00000005c0000000, 0x00000005e1609350, 0x0000000648880000)
  from space 279616K,   3% used [0x0000000659990000, 0x000000065a47b610, 0x000000066aaa0000)
  to   space 279616K,   0% used [0x0000000648880000, 0x0000000648880000, 0x0000000659990000)
 tenured generation   total 5592448K, used 4831861K [0x000000066aaa0000, 0x00000007c0000000, 0x00000007c0000000)
   the space 5592448K,  86% used [0x000000066aaa0000, 0x000000079193d5b0, 0x000000079193d600, 0x00000007c0000000)
 Metaspace       used 118932K, capacity 133467K, committed 133696K, reserved 1165312K
  class space    used 15491K, capacity 18550K, committed 18560K, reserved 1048576K
GC Heap History (10 events):
Event: 94329.203 GC heap before
{Heap before GC invocations=2710 (full 4):
 def new generation   total 2516544K, used 2257002K [0x00000005c0000000, 0x000000066aaa0000, 0x000000066aaa0000)
  eden space 2236928K, 100% used [0x00000005c0000000, 0x0000000648880000, 0x0000000648880000)
  from space 279616K,   7% used [0x0000000648880000, 0x0000000649c1aa80, 0x0000000659990000)
  to   space 279616K,   0% used [0x0000000659990000, 0x0000000659990000, 0x000000066aaa0000)
 tenured generation   total 5592448K, used 4825216K [0x000000066aaa0000, 0x00000007c0000000, 0x00000007c0000000)
   the space 5592448K,  86% used [0x000000066aaa0000, 0x00000007912c02e8, 0x00000007912c0400, 0x00000007c0000000)
 Metaspace       used 118932K, capacity 133467K, committed 133696K, reserved 1165312K
  class space    used 15491K, capacity 18550K, committed 18560K, reserved 1048576K
Event: 94329.247 GC heap after
Heap after GC invocations=2711 (full 4):
 def new generation   total 2516544K, used 20566K [0x00000005c0000000, 0x000000066aaa0000, 0x000000066aaa0000)
  eden space 2236928K,   0% used [0x00000005c0000000, 0x00000005c0000000, 0x0000000648880000)
  from space 279616K,   7% used [0x0000000659990000, 0x000000065ada5a90, 0x000000066aaa0000)
  to   space 279616K,   0% used [0x0000000648880000, 0x0000000648880000, 0x0000000659990000)
 tenured generation   total 5592448K, used 4825388K [0x000000066aaa0000, 0x00000007c0000000, 0x00000007c0000000)
   the space 5592448K,  86% used [0x000000066aaa0000, 0x00000007912eb200, 0x00000007912eb200, 0x00000007c0000000)
 Metaspace       used 118932K, capacity 133467K, committed 133696K, reserved 1165312K
  class space    used 15491K, capacity 18550K, committed 18560K, reserved 1048576K
}
Event: 94341.306 GC heap before
{Heap before GC invocations=2711 (full 4):
 def new generation   total 2516544K, used 2257494K [0x00000005c0000000, 0x000000066aaa0000, 0x000000066aaa0000)
  eden space 2236928K, 100% used [0x00000005c0000000, 0x0000000648880000, 0x0000000648880000)
  from space 279616K,   7% used [0x0000000659990000, 0x000000065ada5a90, 0x000000066aaa0000)
  to   space 279616K,   0% used [0x0000000648880000, 0x0000000648880000, 0x0000000659990000)
 tenured generation   total 5592448K, used 4825388K [0x000000066aaa0000, 0x00000007c0000000, 0x00000007c0000000)
   the space 5592448K,  86% used [0x000000066aaa0000, 0x00000007912eb200, 0x00000007912eb200, 0x00000007c0000000)
 Metaspace       used 118932K, capacity 133467K, committed 133696K, reserved 1165312K
  class space    used 15491K, capacity 18550K, committed 18560K, reserved 1048576K
Event: 94341.363 GC heap after
Heap after GC invocations=2712 (full 4):
 def new generation   total 2516544K, used 20462K [0x00000005c0000000, 0x000000066aaa0000, 0x000000066aaa0000)
  eden space 2236928K,   0% used [0x00000005c0000000, 0x00000005c0000000, 0x0000000648880000)
  from space 279616K,   7% used [0x0000000648880000, 0x0000000649c7ba88, 0x0000000659990000)
  to   space 279616K,   0% used [0x0000000659990000, 0x0000000659990000, 0x000000066aaa0000)
 tenured generation   total 5592448K, used 4825677K [0x000000066aaa0000, 0x00000007c0000000, 0x00000007c0000000)
   the space 5592448K,  86% used [0x000000066aaa0000, 0x0000000791333798, 0x0000000791333800, 0x00000007c0000000)
 Metaspace       used 118932K, capacity 133467K, committed 133696K, reserved 1165312K
  class space    used 15491K, capacity 18550K, committed 18560K, reserved 1048576K
}
Event: 94353.606 GC heap before
{Heap before GC invocations=2712 (full 4):
 def new generation   total 2516544K, used 2257390K [0x00000005c0000000, 0x000000066aaa0000, 0x000000066aaa0000)
  eden space 2236928K, 100% used [0x00000005c0000000, 0x0000000648880000, 0x0000000648880000)
  from space 279616K,   7% used [0x0000000648880000, 0x0000000649c7ba88, 0x0000000659990000)
  to   space 279616K,   0% used [0x0000000659990000, 0x0000000659990000, 0x000000066aaa0000)
 tenured generation   total 5592448K, used 4825677K [0x000000066aaa0000, 0x00000007c0000000, 0x00000007c0000000)
   the space 5592448K,  86% used [0x000000066aaa0000, 0x0000000791333798, 0x0000000791333800, 0x00000007c0000000)
 Metaspace       used 118932K, capacity 133467K, committed 133696K, reserved 1165312K
  class space    used 15491K, capacity 18550K, committed 18560K, reserved 1048576K
Event: 94353.659 GC heap after
Heap after GC invocations=2713 (full 4):
 def new generation   total 2516544K, used 19849K [0x00000005c0000000, 0x000000066aaa0000, 0x000000066aaa0000)
  eden space 2236928K,   0% used [0x00000005c0000000, 0x00000005c0000000, 0x0000000648880000)
  from space 279616K,   7% used [0x0000000659990000, 0x000000065acf26a8, 0x000000066aaa0000)
  to   space 279616K,   0% used [0x0000000648880000, 0x0000000648880000, 0x0000000659990000)
 tenured generation   total 5592448K, used 4825927K [0x000000066aaa0000, 0x00000007c0000000, 0x00000007c0000000)
   the space 5592448K,  86% used [0x000000066aaa0000, 0x0000000791371da0, 0x0000000791371e00, 0x00000007c0000000)
 Metaspace       used 118932K, capacity 133467K, committed 133696K, reserved 1165312K
  class space    used 15491K, capacity 18550K, committed 18560K, reserved 1048576K
}
Event: 94366.527 GC heap before
{Heap before GC invocations=2713 (full 4):
 def new generation   total 2516544K, used 2256777K [0x00000005c0000000, 0x000000066aaa0000, 0x000000066aaa0000)
  eden space 2236928K, 100% used [0x00000005c0000000, 0x0000000648880000, 0x0000000648880000)
  from space 279616K,   7% used [0x0000000659990000, 0x000000065acf26a8, 0x000000066aaa0000)
  to   space 279616K,   0% used [0x0000000648880000, 0x0000000648880000, 0x0000000659990000)
 tenured generation   total 5592448K, used 4825927K [0x000000066aaa0000, 0x00000007c0000000, 0x00000007c0000000)
   the space 5592448K,  86% used [0x000000066aaa0000, 0x0000000791371da0, 0x0000000791371e00, 0x00000007c0000000)
 Metaspace       used 118932K, capacity 133467K, committed 133696K, reserved 1165312K
  class space    used 15491K, capacity 18550K, committed 18560K, reserved 1048576K
Event: 94366.576 GC heap after
Heap after GC invocations=2714 (full 4):
 def new generation   total 2516544K, used 19158K [0x00000005c0000000, 0x000000066aaa0000, 0x000000066aaa0000)
  eden space 2236928K,   0% used [0x00000005c0000000, 0x00000005c0000000, 0x0000000648880000)
  from space 279616K,   6% used [0x0000000648880000, 0x0000000649b35958, 0x0000000659990000)
  to   space 279616K,   0% used [0x0000000659990000, 0x0000000659990000, 0x000000066aaa0000)
 tenured generation   total 5592448K, used 4826120K [0x000000066aaa0000, 0x00000007c0000000, 0x00000007c0000000)
   the space 5592448K,  86% used [0x000000066aaa0000, 0x00000007913a2300, 0x00000007913a2400, 0x00000007c0000000)
 Metaspace       used 118932K, capacity 133467K, committed 133696K, reserved 1165312K
  class space    used 15491K, capacity 18550K, committed 18560K, reserved 1048576K
}
Event: 94383.916 GC heap before
{Heap before GC invocations=2714 (full 4):
 def new generation   total 2516544K, used 2256086K [0x00000005c0000000, 0x000000066aaa0000, 0x000000066aaa0000)
  eden space 2236928K, 100% used [0x00000005c0000000, 0x0000000648880000, 0x0000000648880000)
  from space 279616K,   6% used [0x0000000648880000, 0x0000000649b35958, 0x0000000659990000)
  to   space 279616K,   0% used [0x0000000659990000, 0x0000000659990000, 0x000000066aaa0000)
 tenured generation   total 5592448K, used 4826120K [0x000000066aaa0000, 0x00000007c0000000, 0x00000007c0000000)
   the space 5592448K,  86% used [0x000000066aaa0000, 0x00000007913a2300, 0x00000007913a2400, 0x00000007c0000000)
 Metaspace       used 118932K, capacity 133467K, committed 133696K, reserved 1165312K
  class space    used 15491K, capacity 18550K, committed 18560K, reserved 1048576K
Event: 94383.998 GC heap after
Heap after GC invocations=2715 (full 4):
 def new generation   total 2516544K, used 11181K [0x00000005c0000000, 0x000000066aaa0000, 0x000000066aaa0000)
  eden space 2236928K,   0% used [0x00000005c0000000, 0x00000005c0000000, 0x0000000648880000)
  from space 279616K,   3% used [0x0000000659990000, 0x000000065a47b610, 0x000000066aaa0000)
  to   space 279616K,   0% used [0x0000000648880000, 0x0000000648880000, 0x0000000659990000)
 tenured generation   total 5592448K, used 4831861K [0x000000066aaa0000, 0x00000007c0000000, 0x00000007c0000000)
   the space 5592448K,  86% used [0x000000066aaa0000, 0x000000079193d5b0, 0x000000079193d600, 0x00000007c0000000)
 Metaspace       used 118932K, capacity 133467K, committed 133696K, reserved 1165312K
  class space    used 15491K, capacity 18550K, committed 18560K, reserved 1048576K
}

